\BOOKMARK [0][-]{section*.2}{\376\377\0003\142\153\143\317\226\247\172\177\146\076\137\256\225\134\0001\0005\000m\000m}{}% 2
\BOOKMARK [1][-]{section*.1}{}{section*.2}% 1
\BOOKMARK [1][-]{section*.3}{\376\377\137\025\212\000}{section*.2}% 3
\BOOKMARK [1][-]{section*.4}{\376\377\133\236\232\214\210\305\177\156\123\312\150\067\124\301}{section*.2}% 4
\BOOKMARK [2][-]{section*.5}{\376\377\000S\000T\000M}{section*.4}% 5
\BOOKMARK [3][-]{section*.6}{\376\377\121\317\227\007\174\373\176\337}{section*.5}% 6
\BOOKMARK [3][-]{section*.7}{\376\377\174\227\220\074\217\321}{section*.5}% 7
\BOOKMARK [3][-]{section*.8}{\376\377\142\153\143\317\147\266}{section*.5}% 8
\BOOKMARK [3][-]{section*.9}{\376\377\000S\000T\000M\166\204\165\065\133\120\133\146\143\247\122\066\123\125\121\103}{section*.5}% 9
\BOOKMARK [1][-]{section*.10}{\376\377\133\236\232\214\217\307\172\013\116\345\123\312\176\323\147\234\122\006\147\220}{section*.2}% 10
\BOOKMARK [2][-]{section*.11}{\376\377\224\210\134\026\122\066\131\007}{section*.10}% 11
\BOOKMARK [3][-]{section*.12}{\376\377\224\210\134\026\166\204\225\020\123\026}{section*.11}% 12
\BOOKMARK [3][-]{section*.13}{\376\377\217\333\224\210}{section*.11}% 13
\BOOKMARK [2][-]{section*.14}{\376\377\142\153\143\317\137\227\122\060\123\237\133\120\122\006\217\250\120\317}{section*.10}% 14
\BOOKMARK [2][-]{section*.19}{\376\377\150\007\133\232\123\213\165\065\174\373\145\160}{section*.10}% 15
\BOOKMARK [1][-]{section*.21}{\376\377\176\323\213\272}{section*.2}% 16
\BOOKMARK [1][-]{section*.22}{\376\377\201\364\214\042}{section*.2}% 17
\BOOKMARK [1][-]{section*.23}{\376\377\000R\000e\000f\000e\000r\000e\000n\000c\000e\000s}{section*.2}% 18
\BOOKMARK [1][-]{section*.24}{\376\377\140\035\200\003\230\230}{section*.2}% 19
\BOOKMARK [2][-]{section*.25}{\376\377\000H\000O\000P\000G\166\204\123\237\133\120\143\222\122\027\116\072\121\155\211\322\133\306\143\222\377\010\145\340\137\303\166\204\377\011\377\014\116\072\116\300\116\110\142\021\116\354\127\050\133\236\232\214\116\055\167\013\122\060\166\204\000H\000O\000P\000G\123\237\133\120\122\006\217\250\120\317\146\057\147\011\137\303\166\204\121\155\211\322\133\306\143\222\377\037}{section*.24}% 20
